{
  message: 'Server is running on http://localhost:3000',
  level: 'info',
  timestamp: '2024-11-04T23:16:00.706Z'
}
{
  message: 'Conection to the database success',
  level: 'info',
  timestamp: '2024-11-04T23:16:00.745Z'
}
{
  message: 'Token generado para usuario: pascualMar',
  level: 'info',
  timestamp: '2024-11-04T23:16:19.758Z'
}
{
  message: 'Server is running on http://localhost:3000',
  level: 'info',
  timestamp: '2024-11-04T23:16:58.052Z'
}
{
  message: 'Conection to the database success',
  level: 'info',
  timestamp: '2024-11-04T23:16:58.088Z'
}
{
  message: 'Token generado para usuario: pascualMar',
  level: 'info',
  timestamp: '2024-11-04T23:17:04.931Z'
}
{
  message: 'Enviando datos al cliente: rol: admin, token: eyJhbGciOiJIUzI1NiIsInR5cCI6IkpXVCJ9.eyJpZCI6MTMsInVzZXJOYW1lIjoicGFzY3VhbE1hciIsInJvbGUiOiJhZG1pbiIsImlhdCI6MTczMDc2MjIyNH0.vspt5VO1DiX60wSWC6o803R2lv0HNRLwgzWjMp1joxo',
  level: 'info',
  timestamp: '2024-11-04T23:17:04.932Z'
}
{
  message: 'Server is running on http://localhost:3000',
  level: 'info',
  timestamp: '2024-11-04T23:17:42.702Z'
}
{
  message: 'Conection to the database success',
  level: 'info',
  timestamp: '2024-11-04T23:17:42.742Z'
}
{
  message: 'Enviando datos al cliente: rol: admin, token: eyJhbGciOiJIUzI1NiIsInR5cCI6IkpXVCJ9.eyJpZCI6MTMsInVzZXJOYW1lIjoicGFzY3VhbE1hciIsInJvbGUiOiJhZG1pbiIsImlhdCI6MTczMDc2NDczMn0.9NCjZ8WWYQ-kmFkxBMSB8Xw5czKe7_2Vt76gIZ9upgk',
  level: 'info',
  timestamp: '2024-11-04T23:58:52.893Z'
}
{
  message: 'Server is running on http://localhost:3000',
  level: 'info',
  timestamp: '2024-11-05T14:49:55.088Z'
}
{
  message: 'Conection to the database success',
  level: 'info',
  timestamp: '2024-11-05T14:49:55.139Z'
}
{
  message: 'Enviando datos al cliente: rol: admin, token: eyJhbGciOiJIUzI1NiIsInR5cCI6IkpXVCJ9.eyJpZCI6MTMsInVzZXJOYW1lIjoicGFzY3VhbE1hciIsInJvbGUiOiJhZG1pbiIsImlhdCI6MTczMDgxODI0OX0.eaSNL9B1NXD2EOu4w2ArOIUCgrkmj7CFZEhR0MLO-cU',
  level: 'info',
  timestamp: '2024-11-05T14:50:49.518Z'
}
{
  message: 'Enviando datos al cliente: rol: admin, token: eyJhbGciOiJIUzI1NiIsInR5cCI6IkpXVCJ9.eyJpZCI6MTMsInVzZXJOYW1lIjoicGFzY3VhbE1hciIsInJvbGUiOiJhZG1pbiIsImlhdCI6MTczMDgyMTY2OH0.PYeJQm13wrU-jeafaQmdsopUTzv7e3cLc1owXtXISZI',
  level: 'info',
  timestamp: '2024-11-05T15:47:48.481Z'
}
{
  message: 'Enviando datos al cliente: rol: admin, token: eyJhbGciOiJIUzI1NiIsInR5cCI6IkpXVCJ9.eyJpZCI6MTMsInVzZXJOYW1lIjoicGFzY3VhbE1hciIsInJvbGUiOiJhZG1pbiIsImlhdCI6MTczMDgyMjAxOH0._CrcV9tpnol7nhL1g_Res80fD-GyRJCEyCgvOPC1cVY',
  level: 'info',
  timestamp: '2024-11-05T15:53:38.516Z'
}
{
  message: 'Enviando datos al cliente: rol: admin, token: eyJhbGciOiJIUzI1NiIsInR5cCI6IkpXVCJ9.eyJpZCI6MTMsInVzZXJOYW1lIjoicGFzY3VhbE1hciIsInJvbGUiOiJhZG1pbiIsImlhdCI6MTczMDgyMzU0NH0.9NLgtdIoGkBT3M5pr8mBnCuUexbQg3v-LAK-dXa8m6w',
  level: 'info',
  timestamp: '2024-11-05T16:19:04.681Z'
}
{
  message: 'Server is running on http://localhost:3000',
  level: 'info',
  timestamp: '2024-11-05T16:26:20.406Z'
}
{
  message: 'Conection to the database success',
  level: 'info',
  timestamp: '2024-11-05T16:26:20.455Z'
}
{
  message: 'Server is running on http://localhost:3000',
  level: 'info',
  timestamp: '2024-11-05T16:26:42.923Z'
}
{
  message: 'Conection to the database success',
  level: 'info',
  timestamp: '2024-11-05T16:26:42.960Z'
}
{
  message: 'Server is running on http://localhost:3000',
  level: 'info',
  timestamp: '2024-11-05T16:26:51.343Z'
}
{
  message: 'Conection to the database success',
  level: 'info',
  timestamp: '2024-11-05T16:26:51.386Z'
}
{
  message: 'Server is running on http://localhost:3000',
  level: 'info',
  timestamp: '2024-11-05T16:27:19.382Z'
}
{
  message: 'Conection to the database success',
  level: 'info',
  timestamp: '2024-11-05T16:27:19.422Z'
}
{
  message: 'Server is running on http://localhost:3000',
  level: 'info',
  timestamp: '2024-11-05T16:27:23.891Z'
}
{
  message: 'Conection to the database success',
  level: 'info',
  timestamp: '2024-11-05T16:27:23.942Z'
}
{
  message: 'Server is running on http://localhost:3000',
  level: 'info',
  timestamp: '2024-11-05T16:27:34.255Z'
}
{
  message: 'Conection to the database success',
  level: 'info',
  timestamp: '2024-11-05T16:27:34.297Z'
}
{
  message: 'Enviando datos al cliente: rol: admin, token: eyJhbGciOiJIUzI1NiIsInR5cCI6IkpXVCJ9.eyJpZCI6MTMsInVzZXJOYW1lIjoicGFzY3VhbE1hciIsInJvbGUiOiJhZG1pbiIsImlhdCI6MTczMDgyNDA4Nn0.Hd0J1FBIPOAI1qDvmQhnWMqYXBGCJ78JSRaqv5ZntPE',
  level: 'info',
  timestamp: '2024-11-05T16:28:06.566Z'
}
{
  message: 'Server is running on http://localhost:3000',
  level: 'info',
  timestamp: '2024-11-05T16:30:28.770Z'
}
{
  message: 'Conection to the database success',
  level: 'info',
  timestamp: '2024-11-05T16:30:28.815Z'
}
{
  message: 'Server is running on http://localhost:3000',
  level: 'info',
  timestamp: '2024-11-05T16:30:43.388Z'
}
{
  message: 'Conection to the database success',
  level: 'info',
  timestamp: '2024-11-05T16:30:43.426Z'
}
{
  message: 'Server is running on http://localhost:3000',
  level: 'info',
  timestamp: '2024-11-05T17:53:30.398Z'
}
{
  message: 'Conection to the database success',
  level: 'info',
  timestamp: '2024-11-05T17:53:30.455Z'
}
{
  message: 'Enviando datos al cliente: rol: admin, token: eyJhbGciOiJIUzI1NiIsInR5cCI6IkpXVCJ9.eyJpZCI6MTMsInVzZXJOYW1lIjoicGFzY3VhbE1hciIsInJvbGUiOiJhZG1pbiIsImlhdCI6MTczMDgyOTIyN30.yBHJtR5o9z5q40rz_QBxUklJT1_kiFMuQRupaqmE9BU',
  level: 'info',
  timestamp: '2024-11-05T17:53:47.313Z'
}
{
  message: 'Server is running on http://localhost:3000',
  level: 'info',
  timestamp: '2024-11-05T18:00:03.647Z'
}
{
  message: 'Conection to the database success',
  level: 'info',
  timestamp: '2024-11-05T18:00:03.690Z'
}
{
  message: 'Server is running on http://localhost:3000',
  level: 'info',
  timestamp: '2024-11-05T18:10:32.385Z'
}
{
  message: 'Conection to the database success',
  level: 'info',
  timestamp: '2024-11-05T18:10:32.429Z'
}
{
  message: 'Enviando datos al cliente: rol: admin, token: eyJhbGciOiJIUzI1NiIsInR5cCI6IkpXVCJ9.eyJpZCI6MTMsInVzZXJOYW1lIjoicGFzY3VhbE1hciIsInJvbGUiOiJhZG1pbiIsImlhdCI6MTczMDgzMDY5M30.4nOL5-n2ctybwokFTu1HQEdemszBxxq4MDFr0eJMnic',
  level: 'info',
  timestamp: '2024-11-05T18:18:13.980Z'
}
{
  message: 'Server is running on http://localhost:3000',
  level: 'info',
  timestamp: '2024-11-05T18:21:52.532Z'
}
{
  message: 'Conection to the database success',
  level: 'info',
  timestamp: '2024-11-05T18:21:52.583Z'
}
{
  message: 'Server is running on http://localhost:3000',
  level: 'info',
  timestamp: '2024-11-05T18:22:06.906Z'
}
{
  message: 'Conection to the database success',
  level: 'info',
  timestamp: '2024-11-05T18:22:06.956Z'
}
{
  message: 'Server is running on http://localhost:3000',
  level: 'info',
  timestamp: '2024-11-05T18:22:16.171Z'
}
{
  message: 'Conection to the database success',
  level: 'info',
  timestamp: '2024-11-05T18:22:16.215Z'
}
{
  message: 'Enviando datos al cliente: rol: admin, token: eyJhbGciOiJIUzI1NiIsInR5cCI6IkpXVCJ9.eyJpZCI6MTMsInVzZXJOYW1lIjoicGFzY3VhbE1hciIsInJvbGUiOiJhZG1pbiIsImlhdCI6MTczMDgzMDk1NX0.v_5sJ_3nYs8ntC9_3LbIOOzBTWpfCRBpeFFdTrL6hbY',
  level: 'info',
  timestamp: '2024-11-05T18:22:35.981Z'
}
{
  message: 'Server is running on http://localhost:3000',
  level: 'info',
  timestamp: '2024-11-06T19:27:14.475Z'
}
{
  message: 'Conection to the database success',
  level: 'info',
  timestamp: '2024-11-06T19:27:14.546Z'
}
{
  message: 'Enviando datos al cliente: rol: admin, token: eyJhbGciOiJIUzI1NiIsInR5cCI6IkpXVCJ9.eyJpZCI6MTMsInVzZXJOYW1lIjoicGFzY3VhbE1hciIsInJvbGUiOiJhZG1pbiIsImlhdCI6MTczMDkyMTI2MX0.wiYKelo1VSzWhyUEOPm-jh4fYlaKgy2ARYvTTHsySRM',
  level: 'info',
  timestamp: '2024-11-06T19:27:41.357Z'
}
{
  message: 'Server is running on http://localhost:3000',
  level: 'info',
  timestamp: '2024-11-06T20:46:31.402Z'
}
{
  message: 'Conection to the database success',
  level: 'info',
  timestamp: '2024-11-06T20:46:31.456Z'
}
{
  message: 'Server is running on http://localhost:3000',
  level: 'info',
  timestamp: '2024-11-06T22:01:53.896Z'
}
{
  message: 'Conection to the database success',
  level: 'info',
  timestamp: '2024-11-06T22:01:53.945Z'
}
{
  message: 'Server is running on http://localhost:3000',
  level: 'info',
  timestamp: '2024-11-06T23:14:07.667Z'
}
{
  message: 'Conection to the database success',
  level: 'info',
  timestamp: '2024-11-06T23:14:07.724Z'
}
{
  message: 'Server is running on http://localhost:3000',
  level: 'info',
  timestamp: '2024-11-06T23:15:29.321Z'
}
{
  message: 'Conection to the database success',
  level: 'info',
  timestamp: '2024-11-06T23:15:29.367Z'
}
{
  message: 'Server is running on http://localhost:3000',
  level: 'info',
  timestamp: '2024-11-07T14:37:53.550Z'
}
{
  message: 'Conection to the database success',
  level: 'info',
  timestamp: '2024-11-07T14:37:53.588Z'
}
{
  message: 'Enviando datos al cliente: rol: admin, token: eyJhbGciOiJIUzI1NiIsInR5cCI6IkpXVCJ9.eyJpZCI6MTMsInVzZXJOYW1lIjoicGFzY3VhbE1hciIsInJvbGUiOiJhZG1pbiIsImlhdCI6MTczMDk5MDI5Mn0.ZdxMjXeoOJwoHhXs5toy2jzOzI2ui4661OVDzfXqn2Q',
  level: 'info',
  timestamp: '2024-11-07T14:38:12.947Z'
}
{
  message: 'Server is running on http://localhost:3000',
  level: 'info',
  timestamp: '2024-11-07T15:13:19.692Z'
}
{
  message: 'Conection to the database success',
  level: 'info',
  timestamp: '2024-11-07T15:13:19.748Z'
}
{
  message: 'Enviando datos al cliente: rol: admin, token: eyJhbGciOiJIUzI1NiIsInR5cCI6IkpXVCJ9.eyJpZCI6MTMsInVzZXJOYW1lIjoicGFzY3VhbE1hciIsInJvbGUiOiJhZG1pbiIsImlhdCI6MTczMDk5MjQxNn0.h6jzjStxT3YiE2lzRbOZ35vjq5V2gQf0EXSd2FvYaTE',
  level: 'info',
  timestamp: '2024-11-07T15:13:36.513Z'
}
{
  message: 'Enviando datos al cliente: rol: admin, token: eyJhbGciOiJIUzI1NiIsInR5cCI6IkpXVCJ9.eyJpZCI6MTMsInVzZXJOYW1lIjoicGFzY3VhbE1hciIsInJvbGUiOiJhZG1pbiIsImlhdCI6MTczMDk5MjQ4NH0.i_RKNpLwpzMHCROrWWpR3mjRsx-6vdNNWms3LLUdG3A',
  level: 'info',
  timestamp: '2024-11-07T15:14:44.762Z'
}
